Wed Apr 16 16:32:10 UTC 2025
Thu Apr 17 13:18:17 UTC 2025
Fri Apr 18 13:14:51 UTC 2025
Sat Apr 19 13:01:56 UTC 2025
Sun Apr 20 13:05:04 UTC 2025
Mon Apr 21 13:16:50 UTC 2025
Tue Apr 22 13:19:34 UTC 2025
Wed Apr 23 13:20:17 UTC 2025
Thu Apr 24 13:35:51 UTC 2025
Fri Apr 25 13:18:34 UTC 2025
Sat Apr 26 13:03:26 UTC 2025
Sun Apr 27 13:03:47 UTC 2025
Mon Apr 28 13:49:52 UTC 2025
Tue Apr 29 13:43:46 UTC 2025
Wed Apr 30 13:18:56 UTC 2025
Thu May  1 13:17:12 UTC 2025
Fri May  2 13:18:15 UTC 2025
Sat May  3 13:04:47 UTC 2025
Sun May  4 13:05:28 UTC 2025
Mon May  5 13:35:21 UTC 2025
